>>>>> OBJ | CHRONOS | 2023-03-24 16:55:42.312037 | INICIALIZATION
===== Chronos Manager =====
Root time:  2023-03-24 16:55:42.312037
Time limit: 3600
Valid:      True (2023-03-24 16:55:42.313031)
Size:       0
List:       
===============
<<<<<<<<<<<<<<<
>>>>> OBJ | SOLVER | 2023-03-24 16:55:42.313031 | CHRONOS_MARK_START
===== Chronos Counter =====:
Name:               START OPTIMIZE
Log:                True
Start:              2023-03-24 16:55:42.313031
Stop Condition:     Not set
Valid:              Not set - 2023-03-24 16:55:42.313031
===============
<<<<<<<<<<<<<<<
>>>>> OBJ | SOLVER | 2023-03-24 16:55:42.837713 | CHRONOS_MARK_STOP
===== Chronos Counter =====:
Name:               START OPTIMIZE
Log:                True
Start:              2023-03-24 16:55:42.313031
Stop Condition:     Not set
Valid:              Not set - 2023-03-24 16:55:42.837713
===============
<<<<<<<<<<<<<<<
>>>>> OBJ | SOLVER | 2023-03-24 16:55:42.848721 | FINISHED
===== Chronos Manager =====
Root time:  2023-03-24 16:55:42.312037
Time limit: 3600
Valid:      True (2023-03-24 16:55:42.851705)
Size:       0
List:       
===============
<<<<<<<<<<<<<<<
